{"contracts/ALTGold.sol":{"l":{"27":6,"31":99,"32":99,"33":99,"34":99,"35":99,"39":16,"40":16,"41":16,"42":16,"46":2,"47":2,"51":0,"52":0,"56":43,"57":43,"61":1,"62":2,"63":2,"68":3,"69":3,"73":14,"77":4,"81":2,"86":22,"88":4,"89":1,"92":3,"93":1,"97":20},"path":"/home/atishek/Music/ALTGOLD/altgold-token-project/contracts/ALTGold.sol","s":{"1":6,"2":99,"3":99,"4":99,"5":99,"6":99,"7":16,"8":16,"9":16,"10":16,"11":2,"12":2,"13":0,"14":0,"15":43,"16":1,"17":2,"18":3,"19":14,"20":4,"21":2,"22":22,"23":4,"24":3,"25":20},"b":{"1":[99,0],"2":[16,2],"3":[16,0],"4":[16,0],"5":[16,0],"6":[2,0],"7":[0,0],"8":[43,0],"9":[43,0],"10":[1,0],"11":[1,0],"12":[3,0],"13":[3,0],"14":[4,1],"15":[2,0],"16":[22,0],"17":[4,18],"18":[1,3],"19":[1,2],"20":[0,0]},"f":{"1":6,"2":99,"3":16,"4":2,"5":0,"6":43,"7":1,"8":3,"9":14,"10":4,"11":2,"12":22,"13":0},"fnMap":{"1":{"name":"constructor","line":26,"loc":{"start":{"line":26,"column":4},"end":{"line":28,"column":4}}},"2":{"name":"initialize","line":30,"loc":{"start":{"line":30,"column":4},"end":{"line":36,"column":4}}},"3":{"name":"mint","line":38,"loc":{"start":{"line":38,"column":4},"end":{"line":43,"column":4}}},"4":{"name":"burn","line":45,"loc":{"start":{"line":45,"column":4},"end":{"line":48,"column":4}}},"5":{"name":"burnFrom","line":50,"loc":{"start":{"line":50,"column":4},"end":{"line":53,"column":4}}},"6":{"name":"addToWhitelist","line":55,"loc":{"start":{"line":55,"column":4},"end":{"line":58,"column":4}}},"7":{"name":"addressesToWhitelist","line":60,"loc":{"start":{"line":60,"column":4},"end":{"line":65,"column":4}}},"8":{"name":"removeFromWhitelist","line":67,"loc":{"start":{"line":67,"column":4},"end":{"line":70,"column":4}}},"9":{"name":"isWhitelisted","line":72,"loc":{"start":{"line":72,"column":4},"end":{"line":74,"column":4}}},"10":{"name":"pause","line":76,"loc":{"start":{"line":76,"column":4},"end":{"line":78,"column":4}}},"11":{"name":"unpause","line":80,"loc":{"start":{"line":80,"column":4},"end":{"line":82,"column":4}}},"12":{"name":"_beforeTokenTransfer","line":85,"loc":{"start":{"line":85,"column":4},"end":{"line":98,"column":4}}},"13":{"name":"_authorizeUpgrade","line":100,"loc":{"start":{"line":100,"column":4},"end":{"line":100,"column":87}}}},"statementMap":{"1":{"start":{"line":27,"column":8},"end":{"line":27,"column":29}},"2":{"start":{"line":31,"column":8},"end":{"line":31,"column":42}},"3":{"start":{"line":32,"column":8},"end":{"line":32,"column":29}},"4":{"start":{"line":33,"column":8},"end":{"line":33,"column":24}},"5":{"start":{"line":34,"column":8},"end":{"line":34,"column":23}},"6":{"start":{"line":35,"column":8},"end":{"line":35,"column":31}},"7":{"start":{"line":39,"column":8},"end":{"line":39,"column":82}},"8":{"start":{"line":40,"column":7},"end":{"line":40,"column":56}},"9":{"start":{"line":41,"column":8},"end":{"line":41,"column":24}},"10":{"start":{"line":42,"column":8},"end":{"line":42,"column":29}},"11":{"start":{"line":46,"column":8},"end":{"line":46,"column":25}},"12":{"start":{"line":47,"column":8},"end":{"line":47,"column":37}},"13":{"start":{"line":51,"column":8},"end":{"line":51,"column":38}},"14":{"start":{"line":52,"column":8},"end":{"line":52,"column":34}},"15":{"start":{"line":57,"column":8},"end":{"line":57,"column":44}},"16":{"start":{"line":61,"column":8},"end":{"line":61,"column":2669}},"17":{"start":{"line":63,"column":12},"end":{"line":63,"column":52}},"18":{"start":{"line":69,"column":8},"end":{"line":69,"column":45}},"19":{"start":{"line":73,"column":8},"end":{"line":73,"column":34}},"20":{"start":{"line":77,"column":8},"end":{"line":77,"column":15}},"21":{"start":{"line":81,"column":8},"end":{"line":81,"column":17}},"22":{"start":{"line":86,"column":8},"end":{"line":86,"column":3582}},"23":{"start":{"line":88,"column":12},"end":{"line":88,"column":3728}},"24":{"start":{"line":92,"column":12},"end":{"line":92,"column":3831}},"25":{"start":{"line":97,"column":8},"end":{"line":97,"column":51}}},"branchMap":{"1":{"line":30,"type":"if","locations":[{"start":{"line":30,"column":26},"end":{"line":30,"column":26}},{"start":{"line":30,"column":26},"end":{"line":30,"column":26}}]},"2":{"line":38,"type":"if","locations":[{"start":{"line":38,"column":53},"end":{"line":38,"column":53}},{"start":{"line":38,"column":53},"end":{"line":38,"column":53}}]},"3":{"line":38,"type":"if","locations":[{"start":{"line":38,"column":67},"end":{"line":38,"column":67}},{"start":{"line":38,"column":67},"end":{"line":38,"column":67}}]},"4":{"line":39,"type":"if","locations":[{"start":{"line":39,"column":8},"end":{"line":39,"column":8}},{"start":{"line":39,"column":8},"end":{"line":39,"column":8}}]},"5":{"line":40,"type":"if","locations":[{"start":{"line":40,"column":7},"end":{"line":40,"column":7}},{"start":{"line":40,"column":7},"end":{"line":40,"column":7}}]},"6":{"line":45,"type":"if","locations":[{"start":{"line":45,"column":50},"end":{"line":45,"column":50}},{"start":{"line":45,"column":50},"end":{"line":45,"column":50}}]},"7":{"line":50,"type":"if","locations":[{"start":{"line":50,"column":71},"end":{"line":50,"column":71}},{"start":{"line":50,"column":71},"end":{"line":50,"column":71}}]},"8":{"line":55,"type":"if","locations":[{"start":{"line":55,"column":52},"end":{"line":55,"column":52}},{"start":{"line":55,"column":52},"end":{"line":55,"column":52}}]},"9":{"line":55,"type":"if","locations":[{"start":{"line":55,"column":66},"end":{"line":55,"column":66}},{"start":{"line":55,"column":66},"end":{"line":55,"column":66}}]},"10":{"line":60,"type":"if","locations":[{"start":{"line":60,"column":70},"end":{"line":60,"column":70}},{"start":{"line":60,"column":70},"end":{"line":60,"column":70}}]},"11":{"line":60,"type":"if","locations":[{"start":{"line":60,"column":84},"end":{"line":60,"column":84}},{"start":{"line":60,"column":84},"end":{"line":60,"column":84}}]},"12":{"line":67,"type":"if","locations":[{"start":{"line":67,"column":57},"end":{"line":67,"column":57}},{"start":{"line":67,"column":57},"end":{"line":67,"column":57}}]},"13":{"line":67,"type":"if","locations":[{"start":{"line":67,"column":71},"end":{"line":67,"column":71}},{"start":{"line":67,"column":71},"end":{"line":67,"column":71}}]},"14":{"line":76,"type":"if","locations":[{"start":{"line":76,"column":28},"end":{"line":76,"column":28}},{"start":{"line":76,"column":28},"end":{"line":76,"column":28}}]},"15":{"line":80,"type":"if","locations":[{"start":{"line":80,"column":30},"end":{"line":80,"column":30}},{"start":{"line":80,"column":30},"end":{"line":80,"column":30}}]},"16":{"line":85,"type":"if","locations":[{"start":{"line":85,"column":94},"end":{"line":85,"column":94}},{"start":{"line":85,"column":94},"end":{"line":85,"column":94}}]},"17":{"line":86,"type":"if","locations":[{"start":{"line":86,"column":8},"end":{"line":86,"column":8}},{"start":{"line":86,"column":8},"end":{"line":86,"column":8}}]},"18":{"line":88,"type":"if","locations":[{"start":{"line":88,"column":12},"end":{"line":88,"column":12}},{"start":{"line":88,"column":12},"end":{"line":88,"column":12}}]},"19":{"line":92,"type":"if","locations":[{"start":{"line":92,"column":12},"end":{"line":92,"column":12}},{"start":{"line":92,"column":12},"end":{"line":92,"column":12}}]},"20":{"line":100,"type":"if","locations":[{"start":{"line":100,"column":76},"end":{"line":100,"column":76}},{"start":{"line":100,"column":76},"end":{"line":100,"column":76}}]}}},"contracts/interfaces/IALTGold.sol":{"l":{},"path":"/home/atishek/Music/ALTGOLD/altgold-token-project/contracts/interfaces/IALTGold.sol","s":{},"b":{},"f":{},"fnMap":{},"statementMap":{},"branchMap":{}},"contracts/interfaces/IRedemption.sol":{"l":{},"path":"/home/atishek/Music/ALTGOLD/altgold-token-project/contracts/interfaces/IRedemption.sol","s":{},"b":{},"f":{},"fnMap":{},"statementMap":{},"branchMap":{}},"contracts/mocks/MockUSDC.sol":{"l":{"8":51,"12":19,"16":1},"path":"/home/atishek/Music/ALTGOLD/altgold-token-project/contracts/mocks/MockUSDC.sol","s":{"1":51,"2":19,"3":1},"b":{},"f":{"1":51,"2":19,"3":1},"fnMap":{"1":{"name":"constructor","line":7,"loc":{"start":{"line":7,"column":4},"end":{"line":9,"column":4}}},"2":{"name":"mint","line":11,"loc":{"start":{"line":11,"column":4},"end":{"line":13,"column":4}}},"3":{"name":"burn","line":15,"loc":{"start":{"line":15,"column":4},"end":{"line":17,"column":4}}}},"statementMap":{"1":{"start":{"line":8,"column":8},"end":{"line":8,"column":52}},"2":{"start":{"line":12,"column":8},"end":{"line":12,"column":24}},"3":{"start":{"line":16,"column":8},"end":{"line":16,"column":26}}},"branchMap":{}},"contracts/Redemption.sol":{"l":{"33":1,"37":1,"41":0,"45":0,"50":6,"58":84,"59":84,"60":84,"61":84,"62":84,"67":7,"68":6,"69":6,"73":4,"78":3,"83":3,"88":1,"90":1,"92":0,"93":0,"94":0,"95":0,"99":1,"100":1,"110":1,"117":0,"123":3,"128":1,"133":0,"138":0,"143":1,"148":1,"155":2,"160":6},"path":"/home/atishek/Music/ALTGOLD/altgold-token-project/contracts/Redemption.sol","s":{"1":1,"2":0,"3":6,"4":84,"5":84,"6":7,"7":6,"8":6,"9":4,"10":3,"11":3,"12":1,"13":1,"14":0,"15":1,"16":1,"17":1,"18":0,"19":3,"20":1,"21":0,"22":0,"23":6},"b":{"1":[1,0],"2":[0,0],"3":[84,0],"4":[7,0],"5":[6,1],"6":[6,0],"7":[4,2],"8":[3,1],"9":[3,0],"10":[1,2],"11":[1,0],"12":[0,1],"13":[1,0],"14":[1,0],"15":[1,0],"16":[1,0],"17":[1,0],"18":[1,0],"19":[0,0],"20":[0,0],"21":[1,0],"22":[1,0],"23":[2,0]},"f":{"1":1,"2":0,"3":6,"4":84,"5":7,"6":1,"7":1,"8":0,"9":3,"10":1,"11":0,"12":0,"13":1,"14":1,"15":2,"16":6},"fnMap":{"1":{"name":"checkforUSDCbalance","line":32,"loc":{"start":{"line":32,"column":4},"end":{"line":38,"column":4}}},"2":{"name":"checkforAltGoldBalance","line":40,"loc":{"start":{"line":40,"column":4},"end":{"line":46,"column":4}}},"3":{"name":"constructor","line":49,"loc":{"start":{"line":49,"column":4},"end":{"line":51,"column":4}}},"4":{"name":"initialize","line":57,"loc":{"start":{"line":53,"column":4},"end":{"line":63,"column":4}}},"5":{"name":"redeemGoldForUSDC","line":66,"loc":{"start":{"line":66,"column":4},"end":{"line":96,"column":4}}},"6":{"name":"addUsdtTocontract","line":98,"loc":{"start":{"line":98,"column":4},"end":{"line":104,"column":4}}},"7":{"name":"withdrawusdcToken","line":109,"loc":{"start":{"line":107,"column":4},"end":{"line":111,"column":4}}},"8":{"name":"withdrawAltGold","line":116,"loc":{"start":{"line":114,"column":4},"end":{"line":118,"column":4}}},"9":{"name":"usdcTokenBalanceofContract","line":122,"loc":{"start":{"line":122,"column":4},"end":{"line":124,"column":4}}},"10":{"name":"altGoldTokenBalanceofContract","line":127,"loc":{"start":{"line":127,"column":4},"end":{"line":129,"column":4}}},"11":{"name":"getTotalRedeemed","line":132,"loc":{"start":{"line":132,"column":4},"end":{"line":134,"column":4}}},"12":{"name":"getUserTotalRedeemed","line":137,"loc":{"start":{"line":137,"column":4},"end":{"line":139,"column":4}}},"13":{"name":"setusdcToken","line":142,"loc":{"start":{"line":142,"column":4},"end":{"line":144,"column":4}}},"14":{"name":"setAltGoldToken","line":147,"loc":{"start":{"line":147,"column":4},"end":{"line":149,"column":4}}},"15":{"name":"setTotalRedemptionLimit","line":154,"loc":{"start":{"line":152,"column":4},"end":{"line":156,"column":4}}},"16":{"name":"_isCompliant","line":159,"loc":{"start":{"line":159,"column":4},"end":{"line":161,"column":4}}}},"statementMap":{"1":{"start":{"line":33,"column":8},"end":{"line":33,"column":1140}},"2":{"start":{"line":41,"column":8},"end":{"line":41,"column":1336}},"3":{"start":{"line":50,"column":8},"end":{"line":50,"column":29}},"4":{"start":{"line":61,"column":8},"end":{"line":61,"column":23}},"5":{"start":{"line":62,"column":8},"end":{"line":62,"column":31}},"6":{"start":{"line":67,"column":8},"end":{"line":67,"column":62}},"7":{"start":{"line":68,"column":8},"end":{"line":68,"column":62}},"8":{"start":{"line":69,"column":8},"end":{"line":69,"column":2208}},"9":{"start":{"line":73,"column":8},"end":{"line":73,"column":2326}},"10":{"start":{"line":78,"column":8},"end":{"line":78,"column":2500}},"11":{"start":{"line":83,"column":8},"end":{"line":83,"column":2685}},"12":{"start":{"line":88,"column":8},"end":{"line":88,"column":100}},"13":{"start":{"line":90,"column":8},"end":{"line":90,"column":97}},"14":{"start":{"line":95,"column":8},"end":{"line":95,"column":69}},"15":{"start":{"line":99,"column":8},"end":{"line":99,"column":62}},"16":{"start":{"line":100,"column":8},"end":{"line":100,"column":3536}},"17":{"start":{"line":110,"column":8},"end":{"line":110,"column":45}},"18":{"start":{"line":117,"column":8},"end":{"line":117,"column":48}},"19":{"start":{"line":123,"column":8},"end":{"line":123,"column":49}},"20":{"start":{"line":128,"column":8},"end":{"line":128,"column":52}},"21":{"start":{"line":133,"column":8},"end":{"line":133,"column":28}},"22":{"start":{"line":138,"column":8},"end":{"line":138,"column":38}},"23":{"start":{"line":160,"column":8},"end":{"line":160,"column":19}}},"branchMap":{"1":{"line":33,"type":"if","locations":[{"start":{"line":33,"column":8},"end":{"line":33,"column":8}},{"start":{"line":33,"column":8},"end":{"line":33,"column":8}}]},"2":{"line":41,"type":"if","locations":[{"start":{"line":41,"column":8},"end":{"line":41,"column":8}},{"start":{"line":41,"column":8},"end":{"line":41,"column":8}}]},"3":{"line":57,"type":"if","locations":[{"start":{"line":57,"column":13},"end":{"line":57,"column":13}},{"start":{"line":57,"column":13},"end":{"line":57,"column":13}}]},"4":{"line":66,"type":"if","locations":[{"start":{"line":66,"column":56},"end":{"line":66,"column":56}},{"start":{"line":66,"column":56},"end":{"line":66,"column":56}}]},"5":{"line":67,"type":"if","locations":[{"start":{"line":67,"column":8},"end":{"line":67,"column":8}},{"start":{"line":67,"column":8},"end":{"line":67,"column":8}}]},"6":{"line":68,"type":"if","locations":[{"start":{"line":68,"column":8},"end":{"line":68,"column":8}},{"start":{"line":68,"column":8},"end":{"line":68,"column":8}}]},"7":{"line":69,"type":"if","locations":[{"start":{"line":69,"column":8},"end":{"line":69,"column":8}},{"start":{"line":69,"column":8},"end":{"line":69,"column":8}}]},"8":{"line":73,"type":"if","locations":[{"start":{"line":73,"column":8},"end":{"line":73,"column":8}},{"start":{"line":73,"column":8},"end":{"line":73,"column":8}}]},"9":{"line":78,"type":"if","locations":[{"start":{"line":78,"column":8},"end":{"line":78,"column":8}},{"start":{"line":78,"column":8},"end":{"line":78,"column":8}}]},"10":{"line":83,"type":"if","locations":[{"start":{"line":83,"column":8},"end":{"line":83,"column":8}},{"start":{"line":83,"column":8},"end":{"line":83,"column":8}}]},"11":{"line":88,"type":"if","locations":[{"start":{"line":88,"column":8},"end":{"line":88,"column":8}},{"start":{"line":88,"column":8},"end":{"line":88,"column":8}}]},"12":{"line":90,"type":"if","locations":[{"start":{"line":90,"column":8},"end":{"line":90,"column":8}},{"start":{"line":90,"column":8},"end":{"line":90,"column":8}}]},"13":{"line":98,"type":"if","locations":[{"start":{"line":98,"column":57},"end":{"line":98,"column":57}},{"start":{"line":98,"column":57},"end":{"line":98,"column":57}}]},"14":{"line":98,"type":"if","locations":[{"start":{"line":98,"column":70},"end":{"line":98,"column":70}},{"start":{"line":98,"column":70},"end":{"line":98,"column":70}}]},"15":{"line":99,"type":"if","locations":[{"start":{"line":99,"column":8},"end":{"line":99,"column":8}},{"start":{"line":99,"column":8},"end":{"line":99,"column":8}}]},"16":{"line":100,"type":"if","locations":[{"start":{"line":100,"column":8},"end":{"line":100,"column":8}},{"start":{"line":100,"column":8},"end":{"line":100,"column":8}}]},"17":{"line":109,"type":"if","locations":[{"start":{"line":109,"column":15},"end":{"line":109,"column":15}},{"start":{"line":109,"column":15},"end":{"line":109,"column":15}}]},"18":{"line":109,"type":"if","locations":[{"start":{"line":109,"column":25},"end":{"line":109,"column":25}},{"start":{"line":109,"column":25},"end":{"line":109,"column":25}}]},"19":{"line":116,"type":"if","locations":[{"start":{"line":116,"column":15},"end":{"line":116,"column":15}},{"start":{"line":116,"column":15},"end":{"line":116,"column":15}}]},"20":{"line":116,"type":"if","locations":[{"start":{"line":116,"column":25},"end":{"line":116,"column":25}},{"start":{"line":116,"column":25},"end":{"line":116,"column":25}}]},"21":{"line":142,"type":"if","locations":[{"start":{"line":142,"column":65},"end":{"line":142,"column":65}},{"start":{"line":142,"column":65},"end":{"line":142,"column":65}}]},"22":{"line":147,"type":"if","locations":[{"start":{"line":147,"column":61},"end":{"line":147,"column":61}},{"start":{"line":147,"column":61},"end":{"line":147,"column":61}}]},"23":{"line":154,"type":"if","locations":[{"start":{"line":154,"column":15},"end":{"line":154,"column":15}},{"start":{"line":154,"column":15},"end":{"line":154,"column":15}}]}}},"contracts/RedemptionWithKYC.sol":{"l":{"9":2,"13":1},"path":"/home/atishek/Music/ALTGOLD/altgold-token-project/contracts/RedemptionWithKYC.sol","s":{"1":1},"b":{"1":[2,1]},"f":{"1":2,"2":1},"fnMap":{"1":{"name":"setKYC","line":8,"loc":{"start":{"line":8,"column":4},"end":{"line":10,"column":4}}},"2":{"name":"_isCompliant","line":12,"loc":{"start":{"line":12,"column":4},"end":{"line":14,"column":4}}}},"statementMap":{"1":{"start":{"line":13,"column":8},"end":{"line":13,"column":30}}},"branchMap":{"1":{"line":8,"type":"if","locations":[{"start":{"line":8,"column":56},"end":{"line":8,"column":56}},{"start":{"line":8,"column":56},"end":{"line":8,"column":56}}]}}}}