{"contracts/ALTGold.sol":{"l":{"27":6,"31":63,"32":63,"33":63,"34":63,"35":63,"39":13,"40":13,"41":13,"42":13,"46":2,"47":2,"51":0,"52":0,"56":19,"57":19,"61":1,"62":2,"63":2,"68":3,"69":3,"73":12,"77":4,"81":2,"86":19,"88":4,"89":1,"92":3,"93":1,"97":17},"path":"/home/atishek/Music/ALTGOLD/altgold-token-project/contracts/ALTGold.sol","s":{"1":6,"2":63,"3":63,"4":63,"5":63,"6":63,"7":13,"8":13,"9":13,"10":13,"11":2,"12":2,"13":0,"14":0,"15":19,"16":1,"17":2,"18":3,"19":12,"20":4,"21":2,"22":19,"23":4,"24":3,"25":17},"b":{"1":[63,0],"2":[13,2],"3":[13,0],"4":[13,0],"5":[13,0],"6":[2,0],"7":[0,0],"8":[19,0],"9":[19,0],"10":[1,0],"11":[1,0],"12":[3,0],"13":[3,0],"14":[4,1],"15":[2,0],"16":[19,0],"17":[4,15],"18":[1,3],"19":[1,2],"20":[0,0]},"f":{"1":6,"2":63,"3":13,"4":2,"5":0,"6":19,"7":1,"8":3,"9":12,"10":4,"11":2,"12":19,"13":0},"fnMap":{"1":{"name":"constructor","line":26,"loc":{"start":{"line":26,"column":4},"end":{"line":28,"column":4}}},"2":{"name":"initialize","line":30,"loc":{"start":{"line":30,"column":4},"end":{"line":36,"column":4}}},"3":{"name":"mint","line":38,"loc":{"start":{"line":38,"column":4},"end":{"line":43,"column":4}}},"4":{"name":"burn","line":45,"loc":{"start":{"line":45,"column":4},"end":{"line":48,"column":4}}},"5":{"name":"burnFrom","line":50,"loc":{"start":{"line":50,"column":4},"end":{"line":53,"column":4}}},"6":{"name":"addToWhitelist","line":55,"loc":{"start":{"line":55,"column":4},"end":{"line":58,"column":4}}},"7":{"name":"addressesToWhitelist","line":60,"loc":{"start":{"line":60,"column":4},"end":{"line":65,"column":4}}},"8":{"name":"removeFromWhitelist","line":67,"loc":{"start":{"line":67,"column":4},"end":{"line":70,"column":4}}},"9":{"name":"isWhitelisted","line":72,"loc":{"start":{"line":72,"column":4},"end":{"line":74,"column":4}}},"10":{"name":"pause","line":76,"loc":{"start":{"line":76,"column":4},"end":{"line":78,"column":4}}},"11":{"name":"unpause","line":80,"loc":{"start":{"line":80,"column":4},"end":{"line":82,"column":4}}},"12":{"name":"_beforeTokenTransfer","line":85,"loc":{"start":{"line":85,"column":4},"end":{"line":98,"column":4}}},"13":{"name":"_authorizeUpgrade","line":100,"loc":{"start":{"line":100,"column":4},"end":{"line":100,"column":87}}}},"statementMap":{"1":{"start":{"line":27,"column":8},"end":{"line":27,"column":29}},"2":{"start":{"line":31,"column":8},"end":{"line":31,"column":42}},"3":{"start":{"line":32,"column":8},"end":{"line":32,"column":29}},"4":{"start":{"line":33,"column":8},"end":{"line":33,"column":24}},"5":{"start":{"line":34,"column":8},"end":{"line":34,"column":23}},"6":{"start":{"line":35,"column":8},"end":{"line":35,"column":31}},"7":{"start":{"line":39,"column":8},"end":{"line":39,"column":82}},"8":{"start":{"line":40,"column":7},"end":{"line":40,"column":56}},"9":{"start":{"line":41,"column":8},"end":{"line":41,"column":24}},"10":{"start":{"line":42,"column":8},"end":{"line":42,"column":29}},"11":{"start":{"line":46,"column":8},"end":{"line":46,"column":25}},"12":{"start":{"line":47,"column":8},"end":{"line":47,"column":37}},"13":{"start":{"line":51,"column":8},"end":{"line":51,"column":38}},"14":{"start":{"line":52,"column":8},"end":{"line":52,"column":34}},"15":{"start":{"line":57,"column":8},"end":{"line":57,"column":44}},"16":{"start":{"line":61,"column":8},"end":{"line":61,"column":2669}},"17":{"start":{"line":63,"column":12},"end":{"line":63,"column":52}},"18":{"start":{"line":69,"column":8},"end":{"line":69,"column":45}},"19":{"start":{"line":73,"column":8},"end":{"line":73,"column":34}},"20":{"start":{"line":77,"column":8},"end":{"line":77,"column":15}},"21":{"start":{"line":81,"column":8},"end":{"line":81,"column":17}},"22":{"start":{"line":86,"column":8},"end":{"line":86,"column":3582}},"23":{"start":{"line":88,"column":12},"end":{"line":88,"column":3728}},"24":{"start":{"line":92,"column":12},"end":{"line":92,"column":3831}},"25":{"start":{"line":97,"column":8},"end":{"line":97,"column":51}}},"branchMap":{"1":{"line":30,"type":"if","locations":[{"start":{"line":30,"column":26},"end":{"line":30,"column":26}},{"start":{"line":30,"column":26},"end":{"line":30,"column":26}}]},"2":{"line":38,"type":"if","locations":[{"start":{"line":38,"column":53},"end":{"line":38,"column":53}},{"start":{"line":38,"column":53},"end":{"line":38,"column":53}}]},"3":{"line":38,"type":"if","locations":[{"start":{"line":38,"column":67},"end":{"line":38,"column":67}},{"start":{"line":38,"column":67},"end":{"line":38,"column":67}}]},"4":{"line":39,"type":"if","locations":[{"start":{"line":39,"column":8},"end":{"line":39,"column":8}},{"start":{"line":39,"column":8},"end":{"line":39,"column":8}}]},"5":{"line":40,"type":"if","locations":[{"start":{"line":40,"column":7},"end":{"line":40,"column":7}},{"start":{"line":40,"column":7},"end":{"line":40,"column":7}}]},"6":{"line":45,"type":"if","locations":[{"start":{"line":45,"column":50},"end":{"line":45,"column":50}},{"start":{"line":45,"column":50},"end":{"line":45,"column":50}}]},"7":{"line":50,"type":"if","locations":[{"start":{"line":50,"column":71},"end":{"line":50,"column":71}},{"start":{"line":50,"column":71},"end":{"line":50,"column":71}}]},"8":{"line":55,"type":"if","locations":[{"start":{"line":55,"column":52},"end":{"line":55,"column":52}},{"start":{"line":55,"column":52},"end":{"line":55,"column":52}}]},"9":{"line":55,"type":"if","locations":[{"start":{"line":55,"column":66},"end":{"line":55,"column":66}},{"start":{"line":55,"column":66},"end":{"line":55,"column":66}}]},"10":{"line":60,"type":"if","locations":[{"start":{"line":60,"column":70},"end":{"line":60,"column":70}},{"start":{"line":60,"column":70},"end":{"line":60,"column":70}}]},"11":{"line":60,"type":"if","locations":[{"start":{"line":60,"column":84},"end":{"line":60,"column":84}},{"start":{"line":60,"column":84},"end":{"line":60,"column":84}}]},"12":{"line":67,"type":"if","locations":[{"start":{"line":67,"column":57},"end":{"line":67,"column":57}},{"start":{"line":67,"column":57},"end":{"line":67,"column":57}}]},"13":{"line":67,"type":"if","locations":[{"start":{"line":67,"column":71},"end":{"line":67,"column":71}},{"start":{"line":67,"column":71},"end":{"line":67,"column":71}}]},"14":{"line":76,"type":"if","locations":[{"start":{"line":76,"column":28},"end":{"line":76,"column":28}},{"start":{"line":76,"column":28},"end":{"line":76,"column":28}}]},"15":{"line":80,"type":"if","locations":[{"start":{"line":80,"column":30},"end":{"line":80,"column":30}},{"start":{"line":80,"column":30},"end":{"line":80,"column":30}}]},"16":{"line":85,"type":"if","locations":[{"start":{"line":85,"column":94},"end":{"line":85,"column":94}},{"start":{"line":85,"column":94},"end":{"line":85,"column":94}}]},"17":{"line":86,"type":"if","locations":[{"start":{"line":86,"column":8},"end":{"line":86,"column":8}},{"start":{"line":86,"column":8},"end":{"line":86,"column":8}}]},"18":{"line":88,"type":"if","locations":[{"start":{"line":88,"column":12},"end":{"line":88,"column":12}},{"start":{"line":88,"column":12},"end":{"line":88,"column":12}}]},"19":{"line":92,"type":"if","locations":[{"start":{"line":92,"column":12},"end":{"line":92,"column":12}},{"start":{"line":92,"column":12},"end":{"line":92,"column":12}}]},"20":{"line":100,"type":"if","locations":[{"start":{"line":100,"column":76},"end":{"line":100,"column":76}},{"start":{"line":100,"column":76},"end":{"line":100,"column":76}}]}}},"contracts/interfaces/IALTGold.sol":{"l":{},"path":"/home/atishek/Music/ALTGOLD/altgold-token-project/contracts/interfaces/IALTGold.sol","s":{},"b":{},"f":{},"fnMap":{},"statementMap":{},"branchMap":{}},"contracts/mocks/MockUSDC.sol":{"l":{"8":15,"12":4,"16":1},"path":"/home/atishek/Music/ALTGOLD/altgold-token-project/contracts/mocks/MockUSDC.sol","s":{"1":15,"2":4,"3":1},"b":{},"f":{"1":15,"2":4,"3":1},"fnMap":{"1":{"name":"constructor","line":7,"loc":{"start":{"line":7,"column":4},"end":{"line":9,"column":4}}},"2":{"name":"mint","line":11,"loc":{"start":{"line":11,"column":4},"end":{"line":13,"column":4}}},"3":{"name":"burn","line":15,"loc":{"start":{"line":15,"column":4},"end":{"line":17,"column":4}}}},"statementMap":{"1":{"start":{"line":8,"column":8},"end":{"line":8,"column":52}},"2":{"start":{"line":12,"column":8},"end":{"line":12,"column":24}},"3":{"start":{"line":16,"column":8},"end":{"line":16,"column":26}}},"branchMap":{}},"contracts/Redemption.sol":{"l":{"33":1,"37":1,"41":0,"45":0,"50":3,"58":15,"59":15,"60":15,"61":15,"62":15,"66":6,"67":6,"71":2,"76":1,"81":1,"86":1,"88":1,"90":1,"91":1,"92":1,"93":1,"97":1,"98":1,"108":1,"115":0,"121":3,"126":1,"131":0,"136":0,"141":1,"146":1,"153":2},"path":"/home/atishek/Music/ALTGOLD/altgold-token-project/contracts/Redemption.sol","s":{"1":1,"2":0,"3":3,"4":15,"5":15,"6":6,"7":6,"8":2,"9":1,"10":1,"11":1,"12":1,"13":1,"14":1,"15":1,"16":1,"17":0,"18":3,"19":1,"20":0,"21":0},"b":{"1":[1,0],"2":[0,0],"3":[15,0],"4":[6,0],"5":[6,0],"6":[2,4],"7":[1,1],"8":[1,0],"9":[1,0],"10":[1,0],"11":[1,0],"12":[1,0],"13":[1,0],"14":[1,0],"15":[1,0],"16":[1,0],"17":[0,0],"18":[0,0],"19":[1,0],"20":[1,0],"21":[2,0]},"f":{"1":1,"2":0,"3":3,"4":15,"5":6,"6":1,"7":1,"8":0,"9":3,"10":1,"11":0,"12":0,"13":1,"14":1,"15":2},"fnMap":{"1":{"name":"checkforUSDCbalance","line":32,"loc":{"start":{"line":32,"column":4},"end":{"line":38,"column":4}}},"2":{"name":"checkforAltGoldBalance","line":40,"loc":{"start":{"line":40,"column":4},"end":{"line":46,"column":4}}},"3":{"name":"constructor","line":49,"loc":{"start":{"line":49,"column":4},"end":{"line":51,"column":4}}},"4":{"name":"initialize","line":57,"loc":{"start":{"line":53,"column":4},"end":{"line":63,"column":4}}},"5":{"name":"redeemGoldForUSDC","line":65,"loc":{"start":{"line":65,"column":4},"end":{"line":94,"column":4}}},"6":{"name":"addUsdtTocontract","line":96,"loc":{"start":{"line":96,"column":4},"end":{"line":102,"column":4}}},"7":{"name":"withdrawusdcToken","line":107,"loc":{"start":{"line":105,"column":4},"end":{"line":109,"column":4}}},"8":{"name":"withdrawAltGold","line":114,"loc":{"start":{"line":112,"column":4},"end":{"line":116,"column":4}}},"9":{"name":"usdcTokenBalanceofContract","line":120,"loc":{"start":{"line":120,"column":4},"end":{"line":122,"column":4}}},"10":{"name":"altGoldTokenBalanceofContract","line":125,"loc":{"start":{"line":125,"column":4},"end":{"line":127,"column":4}}},"11":{"name":"getTotalRedeemed","line":130,"loc":{"start":{"line":130,"column":4},"end":{"line":132,"column":4}}},"12":{"name":"getUserTotalRedeemed","line":135,"loc":{"start":{"line":135,"column":4},"end":{"line":137,"column":4}}},"13":{"name":"setusdcToken","line":140,"loc":{"start":{"line":140,"column":4},"end":{"line":142,"column":4}}},"14":{"name":"setAltGoldToken","line":145,"loc":{"start":{"line":145,"column":4},"end":{"line":147,"column":4}}},"15":{"name":"setTotalRedemptionLimit","line":152,"loc":{"start":{"line":150,"column":4},"end":{"line":154,"column":4}}}},"statementMap":{"1":{"start":{"line":33,"column":8},"end":{"line":33,"column":1140}},"2":{"start":{"line":41,"column":8},"end":{"line":41,"column":1336}},"3":{"start":{"line":50,"column":8},"end":{"line":50,"column":29}},"4":{"start":{"line":61,"column":8},"end":{"line":61,"column":23}},"5":{"start":{"line":62,"column":8},"end":{"line":62,"column":31}},"6":{"start":{"line":66,"column":8},"end":{"line":66,"column":62}},"7":{"start":{"line":67,"column":8},"end":{"line":67,"column":2139}},"8":{"start":{"line":71,"column":8},"end":{"line":71,"column":2257}},"9":{"start":{"line":76,"column":8},"end":{"line":76,"column":2431}},"10":{"start":{"line":81,"column":8},"end":{"line":81,"column":2616}},"11":{"start":{"line":86,"column":8},"end":{"line":86,"column":100}},"12":{"start":{"line":88,"column":8},"end":{"line":88,"column":78}},"13":{"start":{"line":93,"column":8},"end":{"line":93,"column":69}},"14":{"start":{"line":97,"column":8},"end":{"line":97,"column":62}},"15":{"start":{"line":98,"column":8},"end":{"line":98,"column":3389}},"16":{"start":{"line":108,"column":8},"end":{"line":108,"column":45}},"17":{"start":{"line":115,"column":8},"end":{"line":115,"column":48}},"18":{"start":{"line":121,"column":8},"end":{"line":121,"column":49}},"19":{"start":{"line":126,"column":8},"end":{"line":126,"column":52}},"20":{"start":{"line":131,"column":8},"end":{"line":131,"column":28}},"21":{"start":{"line":136,"column":8},"end":{"line":136,"column":38}}},"branchMap":{"1":{"line":33,"type":"if","locations":[{"start":{"line":33,"column":8},"end":{"line":33,"column":8}},{"start":{"line":33,"column":8},"end":{"line":33,"column":8}}]},"2":{"line":41,"type":"if","locations":[{"start":{"line":41,"column":8},"end":{"line":41,"column":8}},{"start":{"line":41,"column":8},"end":{"line":41,"column":8}}]},"3":{"line":57,"type":"if","locations":[{"start":{"line":57,"column":13},"end":{"line":57,"column":13}},{"start":{"line":57,"column":13},"end":{"line":57,"column":13}}]},"4":{"line":65,"type":"if","locations":[{"start":{"line":65,"column":56},"end":{"line":65,"column":56}},{"start":{"line":65,"column":56},"end":{"line":65,"column":56}}]},"5":{"line":66,"type":"if","locations":[{"start":{"line":66,"column":8},"end":{"line":66,"column":8}},{"start":{"line":66,"column":8},"end":{"line":66,"column":8}}]},"6":{"line":67,"type":"if","locations":[{"start":{"line":67,"column":8},"end":{"line":67,"column":8}},{"start":{"line":67,"column":8},"end":{"line":67,"column":8}}]},"7":{"line":71,"type":"if","locations":[{"start":{"line":71,"column":8},"end":{"line":71,"column":8}},{"start":{"line":71,"column":8},"end":{"line":71,"column":8}}]},"8":{"line":76,"type":"if","locations":[{"start":{"line":76,"column":8},"end":{"line":76,"column":8}},{"start":{"line":76,"column":8},"end":{"line":76,"column":8}}]},"9":{"line":81,"type":"if","locations":[{"start":{"line":81,"column":8},"end":{"line":81,"column":8}},{"start":{"line":81,"column":8},"end":{"line":81,"column":8}}]},"10":{"line":86,"type":"if","locations":[{"start":{"line":86,"column":8},"end":{"line":86,"column":8}},{"start":{"line":86,"column":8},"end":{"line":86,"column":8}}]},"11":{"line":88,"type":"if","locations":[{"start":{"line":88,"column":8},"end":{"line":88,"column":8}},{"start":{"line":88,"column":8},"end":{"line":88,"column":8}}]},"12":{"line":96,"type":"if","locations":[{"start":{"line":96,"column":57},"end":{"line":96,"column":57}},{"start":{"line":96,"column":57},"end":{"line":96,"column":57}}]},"13":{"line":97,"type":"if","locations":[{"start":{"line":97,"column":8},"end":{"line":97,"column":8}},{"start":{"line":97,"column":8},"end":{"line":97,"column":8}}]},"14":{"line":98,"type":"if","locations":[{"start":{"line":98,"column":8},"end":{"line":98,"column":8}},{"start":{"line":98,"column":8},"end":{"line":98,"column":8}}]},"15":{"line":107,"type":"if","locations":[{"start":{"line":107,"column":15},"end":{"line":107,"column":15}},{"start":{"line":107,"column":15},"end":{"line":107,"column":15}}]},"16":{"line":107,"type":"if","locations":[{"start":{"line":107,"column":25},"end":{"line":107,"column":25}},{"start":{"line":107,"column":25},"end":{"line":107,"column":25}}]},"17":{"line":114,"type":"if","locations":[{"start":{"line":114,"column":15},"end":{"line":114,"column":15}},{"start":{"line":114,"column":15},"end":{"line":114,"column":15}}]},"18":{"line":114,"type":"if","locations":[{"start":{"line":114,"column":25},"end":{"line":114,"column":25}},{"start":{"line":114,"column":25},"end":{"line":114,"column":25}}]},"19":{"line":140,"type":"if","locations":[{"start":{"line":140,"column":65},"end":{"line":140,"column":65}},{"start":{"line":140,"column":65},"end":{"line":140,"column":65}}]},"20":{"line":145,"type":"if","locations":[{"start":{"line":145,"column":61},"end":{"line":145,"column":61}},{"start":{"line":145,"column":61},"end":{"line":145,"column":61}}]},"21":{"line":152,"type":"if","locations":[{"start":{"line":152,"column":15},"end":{"line":152,"column":15}},{"start":{"line":152,"column":15},"end":{"line":152,"column":15}}]}}}}